2017-08-18 15:52:59,552 WARN  [SoapUI] Missing folder [C:\DataValidation\ext] for external libraries
2017-08-18 15:53:00,453 INFO  [DefaultSoapUICore] initialized soapui-settings from [C:\Users\rachit.a.srivastava\soapui-settings.xml]
2017-08-18 15:56:04,119 INFO  [Reflections] Reflections took 235 ms to scan 2 urls, producing 75 keys and 160 values 
2017-08-18 15:56:04,617 INFO  [Reflections] Reflections took 427 ms to scan 1 urls, producing 321 keys and 1510 values 
2017-08-18 15:56:04,673 INFO  [Reflections] Reflections took 11 ms to scan 1 urls, producing 13 keys and 21 values 
2017-08-18 15:56:05,233 INFO  [Reflections] Reflections took 426 ms to scan 13 urls, producing 341 keys and 1458 values 
2017-08-18 15:56:05,288 INFO  [PluginManager] Adding plugin from [C:\Users\rachit.a.srivastava\.soapuios\plugins\ready-mqtt-plugin-dist.jar]
2017-08-18 15:56:05,288 INFO  [PluginManager] Adding plugin from [C:\Users\rachit.a.srivastava\.soapuios\plugins\soapui-swagger-plugin-2.2-dist.jar]
2017-08-18 15:56:05,438 INFO  [Reflections] Reflections took 78 ms to scan 2 urls, producing 75 keys and 160 values 
2017-08-18 15:56:05,840 INFO  [Reflections] Reflections took 374 ms to scan 13 urls, producing 341 keys and 1458 values 
2017-08-18 15:56:07,453 INFO  [Reflections] Reflections took 1949 ms to scan 1 urls, producing 1593 keys and 6530 values 
2017-08-18 15:56:07,496 ERROR [SoapUI] An error occurred [com.eviware.soapui.plugins.auto.factories.AutoDiscoveryMethodFactory], see error log for details
2017-08-18 15:56:07,664 INFO  [Reflections] Reflections took 1808 ms to scan 1 urls, producing 1593 keys and 6530 values 
2017-08-18 15:56:07,665 ERROR [SoapUI] An error occurred [com.eviware.soapui.plugins.auto.factories.AutoDiscoveryMethodFactory], see error log for details
2017-08-18 15:56:07,636 ERROR [errorlog] java.lang.ClassNotFoundException: com.eviware.soapui.plugins.auto.factories.AutoDiscoveryMethodFactory
java.lang.ClassNotFoundException: com.eviware.soapui.plugins.auto.factories.AutoDiscoveryMethodFactory
	at java.net.URLClassLoader.findClass(URLClassLoader.java:381)
	at java.lang.ClassLoader.loadClass(ClassLoader.java:424)
	at sun.misc.Launcher$AppClassLoader.loadClass(Launcher.java:331)
	at java.lang.ClassLoader.loadClass(ClassLoader.java:357)
	at java.lang.Class.forName0(Native Method)
	at java.lang.Class.forName(Class.java:264)
	at com.eviware.soapui.plugins.LoaderBase.loadAutoFactories(LoaderBase.java:96)
	at com.eviware.soapui.plugins.LoaderBase.loadFactories(LoaderBase.java:64)
	at com.eviware.soapui.plugins.PluginLoader.loadPluginFactories(PluginLoader.java:129)
	at com.eviware.soapui.plugins.PluginLoader.loadPlugin(PluginLoader.java:92)
	at com.eviware.soapui.plugins.PluginLoader.loadPlugin(PluginLoader.java:42)
	at com.eviware.soapui.plugins.PluginManager.doInstallPlugin(PluginManager.java:136)
	at com.eviware.soapui.plugins.PluginManager.access$600(PluginManager.java:38)
	at com.eviware.soapui.plugins.PluginManager$LoadPluginsTask.computeSequentially(PluginManager.java:415)
	at com.eviware.soapui.plugins.PluginManager$LoadPluginsTask.compute(PluginManager.java:372)
	at com.eviware.soapui.plugins.PluginManager$LoadPluginsTask.compute(PluginManager.java:377)
	at com.eviware.soapui.plugins.PluginManager$LoadPluginsTask.compute(PluginManager.java:360)
	at java.util.concurrent.RecursiveTask.exec(RecursiveTask.java:94)
	at java.util.concurrent.ForkJoinTask.doExec(ForkJoinTask.java:289)
	at java.util.concurrent.ForkJoinPool$WorkQueue.runTask(ForkJoinPool.java:1056)
	at java.util.concurrent.ForkJoinPool.runWorker(ForkJoinPool.java:1692)
	at java.util.concurrent.ForkJoinWorkerThread.run(ForkJoinWorkerThread.java:157)
2017-08-18 15:56:07,665 ERROR [errorlog] java.lang.ClassNotFoundException: com.eviware.soapui.plugins.auto.factories.AutoDiscoveryMethodFactory
java.lang.ClassNotFoundException: com.eviware.soapui.plugins.auto.factories.AutoDiscoveryMethodFactory
	at java.net.URLClassLoader.findClass(URLClassLoader.java:381)
	at java.lang.ClassLoader.loadClass(ClassLoader.java:424)
	at sun.misc.Launcher$AppClassLoader.loadClass(Launcher.java:331)
	at java.lang.ClassLoader.loadClass(ClassLoader.java:357)
	at java.lang.Class.forName0(Native Method)
	at java.lang.Class.forName(Class.java:264)
	at com.eviware.soapui.plugins.LoaderBase.loadAutoFactories(LoaderBase.java:96)
	at com.eviware.soapui.plugins.LoaderBase.loadFactories(LoaderBase.java:64)
	at com.eviware.soapui.plugins.PluginLoader.loadPluginFactories(PluginLoader.java:129)
	at com.eviware.soapui.plugins.PluginLoader.loadPlugin(PluginLoader.java:92)
	at com.eviware.soapui.plugins.PluginLoader.loadPlugin(PluginLoader.java:42)
	at com.eviware.soapui.plugins.PluginManager.doInstallPlugin(PluginManager.java:136)
	at com.eviware.soapui.plugins.PluginManager.access$600(PluginManager.java:38)
	at com.eviware.soapui.plugins.PluginManager$LoadPluginsTask.computeSequentially(PluginManager.java:415)
	at com.eviware.soapui.plugins.PluginManager$LoadPluginsTask.compute(PluginManager.java:372)
	at com.eviware.soapui.plugins.PluginManager$LoadPluginsTask.compute(PluginManager.java:360)
	at java.util.concurrent.RecursiveTask.exec(RecursiveTask.java:94)
	at java.util.concurrent.ForkJoinTask.doExec(ForkJoinTask.java:289)
	at java.util.concurrent.ForkJoinPool$WorkQueue.runTask(ForkJoinPool.java:1056)
	at java.util.concurrent.ForkJoinPool.runWorker(ForkJoinPool.java:1692)
	at java.util.concurrent.ForkJoinWorkerThread.run(ForkJoinWorkerThread.java:157)
2017-08-18 15:56:07,691 ERROR [SoapUI] An error occurred [com.eviware.soapui.plugins.auto.factories.AutoImportMethodFactory], see error log for details
2017-08-18 15:56:07,692 ERROR [SoapUI] An error occurred [com.eviware.soapui.plugins.auto.factories.AutoImportMethodFactory], see error log for details
2017-08-18 15:56:07,692 ERROR [errorlog] java.lang.ClassNotFoundException: com.eviware.soapui.plugins.auto.factories.AutoImportMethodFactory
java.lang.ClassNotFoundException: com.eviware.soapui.plugins.auto.factories.AutoImportMethodFactory
	at java.net.URLClassLoader.findClass(URLClassLoader.java:381)
	at java.lang.ClassLoader.loadClass(ClassLoader.java:424)
	at sun.misc.Launcher$AppClassLoader.loadClass(Launcher.java:331)
	at java.lang.ClassLoader.loadClass(ClassLoader.java:357)
	at java.lang.Class.forName0(Native Method)
	at java.lang.Class.forName(Class.java:264)
	at com.eviware.soapui.plugins.LoaderBase.loadAutoFactories(LoaderBase.java:96)
	at com.eviware.soapui.plugins.LoaderBase.loadFactories(LoaderBase.java:64)
	at com.eviware.soapui.plugins.PluginLoader.loadPluginFactories(PluginLoader.java:129)
	at com.eviware.soapui.plugins.PluginLoader.loadPlugin(PluginLoader.java:92)
	at com.eviware.soapui.plugins.PluginLoader.loadPlugin(PluginLoader.java:42)
	at com.eviware.soapui.plugins.PluginManager.doInstallPlugin(PluginManager.java:136)
	at com.eviware.soapui.plugins.PluginManager.access$600(PluginManager.java:38)
	at com.eviware.soapui.plugins.PluginManager$LoadPluginsTask.computeSequentially(PluginManager.java:415)
	at com.eviware.soapui.plugins.PluginManager$LoadPluginsTask.compute(PluginManager.java:372)
	at com.eviware.soapui.plugins.PluginManager$LoadPluginsTask.compute(PluginManager.java:360)
	at java.util.concurrent.RecursiveTask.exec(RecursiveTask.java:94)
	at java.util.concurrent.ForkJoinTask.doExec(ForkJoinTask.java:289)
	at java.util.concurrent.ForkJoinPool$WorkQueue.runTask(ForkJoinPool.java:1056)
	at java.util.concurrent.ForkJoinPool.runWorker(ForkJoinPool.java:1692)
	at java.util.concurrent.ForkJoinWorkerThread.run(ForkJoinWorkerThread.java:157)
2017-08-18 15:56:07,692 ERROR [errorlog] java.lang.ClassNotFoundException: com.eviware.soapui.plugins.auto.factories.AutoImportMethodFactory
java.lang.ClassNotFoundException: com.eviware.soapui.plugins.auto.factories.AutoImportMethodFactory
	at java.net.URLClassLoader.findClass(URLClassLoader.java:381)
	at java.lang.ClassLoader.loadClass(ClassLoader.java:424)
	at sun.misc.Launcher$AppClassLoader.loadClass(Launcher.java:331)
	at java.lang.ClassLoader.loadClass(ClassLoader.java:357)
	at java.lang.Class.forName0(Native Method)
	at java.lang.Class.forName(Class.java:264)
	at com.eviware.soapui.plugins.LoaderBase.loadAutoFactories(LoaderBase.java:96)
	at com.eviware.soapui.plugins.LoaderBase.loadFactories(LoaderBase.java:64)
	at com.eviware.soapui.plugins.PluginLoader.loadPluginFactories(PluginLoader.java:129)
	at com.eviware.soapui.plugins.PluginLoader.loadPlugin(PluginLoader.java:92)
	at com.eviware.soapui.plugins.PluginLoader.loadPlugin(PluginLoader.java:42)
	at com.eviware.soapui.plugins.PluginManager.doInstallPlugin(PluginManager.java:136)
	at com.eviware.soapui.plugins.PluginManager.access$600(PluginManager.java:38)
	at com.eviware.soapui.plugins.PluginManager$LoadPluginsTask.computeSequentially(PluginManager.java:415)
	at com.eviware.soapui.plugins.PluginManager$LoadPluginsTask.compute(PluginManager.java:372)
	at com.eviware.soapui.plugins.PluginManager$LoadPluginsTask.compute(PluginManager.java:377)
	at com.eviware.soapui.plugins.PluginManager$LoadPluginsTask.compute(PluginManager.java:360)
	at java.util.concurrent.RecursiveTask.exec(RecursiveTask.java:94)
	at java.util.concurrent.ForkJoinTask.doExec(ForkJoinTask.java:289)
	at java.util.concurrent.ForkJoinPool$WorkQueue.runTask(ForkJoinPool.java:1056)
	at java.util.concurrent.ForkJoinPool.runWorker(ForkJoinPool.java:1692)
	at java.util.concurrent.ForkJoinWorkerThread.run(ForkJoinWorkerThread.java:157)
2017-08-18 15:56:07,698 INFO  [PluginManager] Adding plugin from [C:\Users\rachit.a.srivastava\.soapuios\plugins\ready-uxm-plugin-1.0.1-dist.jar]
2017-08-18 15:56:07,980 INFO  [Reflections] Reflections took 228 ms to scan 1 urls, producing 321 keys and 1510 values 
2017-08-18 15:56:08,590 INFO  [Reflections] Reflections took 574 ms to scan 1 urls, producing 1593 keys and 6530 values 
2017-08-18 15:56:08,594 ERROR [SoapUI] An error occurred [com.eviware.soapui.plugins.auto.factories.AutoDiscoveryMethodFactory], see error log for details
2017-08-18 15:56:08,594 ERROR [errorlog] java.lang.ClassNotFoundException: com.eviware.soapui.plugins.auto.factories.AutoDiscoveryMethodFactory
java.lang.ClassNotFoundException: com.eviware.soapui.plugins.auto.factories.AutoDiscoveryMethodFactory
	at java.net.URLClassLoader.findClass(URLClassLoader.java:381)
	at java.lang.ClassLoader.loadClass(ClassLoader.java:424)
	at sun.misc.Launcher$AppClassLoader.loadClass(Launcher.java:331)
	at java.lang.ClassLoader.loadClass(ClassLoader.java:357)
	at java.lang.Class.forName0(Native Method)
	at java.lang.Class.forName(Class.java:264)
	at com.eviware.soapui.plugins.LoaderBase.loadAutoFactories(LoaderBase.java:96)
	at com.eviware.soapui.plugins.LoaderBase.loadFactories(LoaderBase.java:64)
	at com.eviware.soapui.plugins.PluginLoader.loadPluginFactories(PluginLoader.java:129)
	at com.eviware.soapui.plugins.PluginLoader.loadPlugin(PluginLoader.java:92)
	at com.eviware.soapui.plugins.PluginLoader.loadPlugin(PluginLoader.java:42)
	at com.eviware.soapui.plugins.PluginManager.doInstallPlugin(PluginManager.java:136)
	at com.eviware.soapui.plugins.PluginManager.access$600(PluginManager.java:38)
	at com.eviware.soapui.plugins.PluginManager$LoadPluginsTask.computeSequentially(PluginManager.java:415)
	at com.eviware.soapui.plugins.PluginManager$LoadPluginsTask.compute(PluginManager.java:372)
	at com.eviware.soapui.plugins.PluginManager$LoadPluginsTask.compute(PluginManager.java:377)
	at com.eviware.soapui.plugins.PluginManager$LoadPluginsTask.compute(PluginManager.java:360)
	at java.util.concurrent.RecursiveTask.exec(RecursiveTask.java:94)
	at java.util.concurrent.ForkJoinTask.doExec(ForkJoinTask.java:289)
	at java.util.concurrent.ForkJoinPool$WorkQueue.runTask(ForkJoinPool.java:1056)
	at java.util.concurrent.ForkJoinPool.runWorker(ForkJoinPool.java:1692)
	at java.util.concurrent.ForkJoinWorkerThread.run(ForkJoinWorkerThread.java:157)
2017-08-18 15:56:08,596 ERROR [SoapUI] An error occurred [com.eviware.soapui.plugins.auto.factories.AutoImportMethodFactory], see error log for details
2017-08-18 15:56:08,596 ERROR [errorlog] java.lang.ClassNotFoundException: com.eviware.soapui.plugins.auto.factories.AutoImportMethodFactory
java.lang.ClassNotFoundException: com.eviware.soapui.plugins.auto.factories.AutoImportMethodFactory
	at java.net.URLClassLoader.findClass(URLClassLoader.java:381)
	at java.lang.ClassLoader.loadClass(ClassLoader.java:424)
	at sun.misc.Launcher$AppClassLoader.loadClass(Launcher.java:331)
	at java.lang.ClassLoader.loadClass(ClassLoader.java:357)
	at java.lang.Class.forName0(Native Method)
	at java.lang.Class.forName(Class.java:264)
	at com.eviware.soapui.plugins.LoaderBase.loadAutoFactories(LoaderBase.java:96)
	at com.eviware.soapui.plugins.LoaderBase.loadFactories(LoaderBase.java:64)
	at com.eviware.soapui.plugins.PluginLoader.loadPluginFactories(PluginLoader.java:129)
	at com.eviware.soapui.plugins.PluginLoader.loadPlugin(PluginLoader.java:92)
	at com.eviware.soapui.plugins.PluginLoader.loadPlugin(PluginLoader.java:42)
	at com.eviware.soapui.plugins.PluginManager.doInstallPlugin(PluginManager.java:136)
	at com.eviware.soapui.plugins.PluginManager.access$600(PluginManager.java:38)
	at com.eviware.soapui.plugins.PluginManager$LoadPluginsTask.computeSequentially(PluginManager.java:415)
	at com.eviware.soapui.plugins.PluginManager$LoadPluginsTask.compute(PluginManager.java:372)
	at com.eviware.soapui.plugins.PluginManager$LoadPluginsTask.compute(PluginManager.java:377)
	at com.eviware.soapui.plugins.PluginManager$LoadPluginsTask.compute(PluginManager.java:360)
	at java.util.concurrent.RecursiveTask.exec(RecursiveTask.java:94)
	at java.util.concurrent.ForkJoinTask.doExec(ForkJoinTask.java:289)
	at java.util.concurrent.ForkJoinPool$WorkQueue.runTask(ForkJoinPool.java:1056)
	at java.util.concurrent.ForkJoinPool.runWorker(ForkJoinPool.java:1692)
	at java.util.concurrent.ForkJoinWorkerThread.run(ForkJoinWorkerThread.java:157)
2017-08-18 15:56:08,754 INFO  [PluginManager] Adding plugin from [C:\Users\rachit.a.srivastava\.soapuios\plugins\readyapi-swaggerhub-plugin-1.0.jar]
2017-08-18 15:56:08,775 INFO  [Reflections] Reflections took 11 ms to scan 1 urls, producing 13 keys and 21 values 
2017-08-18 15:56:09,271 INFO  [Reflections] Reflections took 473 ms to scan 1 urls, producing 1593 keys and 6530 values 
2017-08-18 15:56:09,272 ERROR [SoapUI] An error occurred [com.eviware.soapui.plugins.auto.factories.AutoDiscoveryMethodFactory], see error log for details
2017-08-18 15:56:09,272 ERROR [errorlog] java.lang.ClassNotFoundException: com.eviware.soapui.plugins.auto.factories.AutoDiscoveryMethodFactory
java.lang.ClassNotFoundException: com.eviware.soapui.plugins.auto.factories.AutoDiscoveryMethodFactory
	at java.net.URLClassLoader.findClass(URLClassLoader.java:381)
	at java.lang.ClassLoader.loadClass(ClassLoader.java:424)
	at sun.misc.Launcher$AppClassLoader.loadClass(Launcher.java:331)
	at java.lang.ClassLoader.loadClass(ClassLoader.java:357)
	at java.lang.Class.forName0(Native Method)
	at java.lang.Class.forName(Class.java:264)
	at com.eviware.soapui.plugins.LoaderBase.loadAutoFactories(LoaderBase.java:96)
	at com.eviware.soapui.plugins.LoaderBase.loadFactories(LoaderBase.java:64)
	at com.eviware.soapui.plugins.PluginLoader.loadPluginFactories(PluginLoader.java:129)
	at com.eviware.soapui.plugins.PluginLoader.loadPlugin(PluginLoader.java:92)
	at com.eviware.soapui.plugins.PluginLoader.loadPlugin(PluginLoader.java:42)
	at com.eviware.soapui.plugins.PluginManager.doInstallPlugin(PluginManager.java:136)
	at com.eviware.soapui.plugins.PluginManager.access$600(PluginManager.java:38)
	at com.eviware.soapui.plugins.PluginManager$LoadPluginsTask.computeSequentially(PluginManager.java:415)
	at com.eviware.soapui.plugins.PluginManager$LoadPluginsTask.compute(PluginManager.java:372)
	at com.eviware.soapui.plugins.PluginManager$LoadPluginsTask.compute(PluginManager.java:377)
	at com.eviware.soapui.plugins.PluginManager$LoadPluginsTask.compute(PluginManager.java:360)
	at java.util.concurrent.RecursiveTask.exec(RecursiveTask.java:94)
	at java.util.concurrent.ForkJoinTask.doExec(ForkJoinTask.java:289)
	at java.util.concurrent.ForkJoinPool$WorkQueue.runTask(ForkJoinPool.java:1056)
	at java.util.concurrent.ForkJoinPool.runWorker(ForkJoinPool.java:1692)
	at java.util.concurrent.ForkJoinWorkerThread.run(ForkJoinWorkerThread.java:157)
2017-08-18 15:56:09,274 ERROR [SoapUI] An error occurred [com.eviware.soapui.plugins.auto.factories.AutoImportMethodFactory], see error log for details
2017-08-18 15:56:09,274 ERROR [errorlog] java.lang.ClassNotFoundException: com.eviware.soapui.plugins.auto.factories.AutoImportMethodFactory
java.lang.ClassNotFoundException: com.eviware.soapui.plugins.auto.factories.AutoImportMethodFactory
	at java.net.URLClassLoader.findClass(URLClassLoader.java:381)
	at java.lang.ClassLoader.loadClass(ClassLoader.java:424)
	at sun.misc.Launcher$AppClassLoader.loadClass(Launcher.java:331)
	at java.lang.ClassLoader.loadClass(ClassLoader.java:357)
	at java.lang.Class.forName0(Native Method)
	at java.lang.Class.forName(Class.java:264)
	at com.eviware.soapui.plugins.LoaderBase.loadAutoFactories(LoaderBase.java:96)
	at com.eviware.soapui.plugins.LoaderBase.loadFactories(LoaderBase.java:64)
	at com.eviware.soapui.plugins.PluginLoader.loadPluginFactories(PluginLoader.java:129)
	at com.eviware.soapui.plugins.PluginLoader.loadPlugin(PluginLoader.java:92)
	at com.eviware.soapui.plugins.PluginLoader.loadPlugin(PluginLoader.java:42)
	at com.eviware.soapui.plugins.PluginManager.doInstallPlugin(PluginManager.java:136)
	at com.eviware.soapui.plugins.PluginManager.access$600(PluginManager.java:38)
	at com.eviware.soapui.plugins.PluginManager$LoadPluginsTask.computeSequentially(PluginManager.java:415)
	at com.eviware.soapui.plugins.PluginManager$LoadPluginsTask.compute(PluginManager.java:372)
	at com.eviware.soapui.plugins.PluginManager$LoadPluginsTask.compute(PluginManager.java:377)
	at com.eviware.soapui.plugins.PluginManager$LoadPluginsTask.compute(PluginManager.java:360)
	at java.util.concurrent.RecursiveTask.exec(RecursiveTask.java:94)
	at java.util.concurrent.ForkJoinTask.doExec(ForkJoinTask.java:289)
	at java.util.concurrent.ForkJoinPool$WorkQueue.runTask(ForkJoinPool.java:1056)
	at java.util.concurrent.ForkJoinPool.runWorker(ForkJoinPool.java:1692)
	at java.util.concurrent.ForkJoinWorkerThread.run(ForkJoinWorkerThread.java:157)
2017-08-18 15:56:09,282 INFO  [PluginManager] 4 plugins loaded in 4019 ms
2017-08-18 15:56:09,282 INFO  [DefaultSoapUICore] All plugins loaded
2017-08-18 15:56:10,740 INFO  [SchemaUtils] Added default schema from file:/C:/Users/rachit.a.srivastava/Downloads/SoapUI-5.2.1/bin/soapui-5.2.1.jar!/com/eviware/soapui/resources/xsds/xop.xsd with targetNamespace http://www.w3.org/2004/08/xop/include
2017-08-18 15:56:10,875 INFO  [SchemaUtils] Added default schema from file:/C:/Users/rachit.a.srivastava/Downloads/SoapUI-5.2.1/bin/soapui-5.2.1.jar!/com/eviware/soapui/resources/xsds/XMLSchema.xsd with targetNamespace http://www.w3.org/2001/XMLSchema
2017-08-18 15:56:10,891 INFO  [SchemaUtils] Added default schema from file:/C:/Users/rachit.a.srivastava/Downloads/SoapUI-5.2.1/bin/soapui-5.2.1.jar!/com/eviware/soapui/resources/xsds/xml.xsd with targetNamespace http://www.w3.org/XML/1998/namespace
2017-08-18 15:56:10,896 INFO  [SchemaUtils] Added default schema from file:/C:/Users/rachit.a.srivastava/Downloads/SoapUI-5.2.1/bin/soapui-5.2.1.jar!/com/eviware/soapui/resources/xsds/swaref.xsd with targetNamespace http://ws-i.org/profiles/basic/1.1/xsd
2017-08-18 15:56:10,898 INFO  [SchemaUtils] Added default schema from file:/C:/Users/rachit.a.srivastava/Downloads/SoapUI-5.2.1/bin/soapui-5.2.1.jar!/com/eviware/soapui/resources/xsds/xmime200505.xsd with targetNamespace http://www.w3.org/2005/05/xmlmime
2017-08-18 15:56:10,900 INFO  [SchemaUtils] Added default schema from file:/C:/Users/rachit.a.srivastava/Downloads/SoapUI-5.2.1/bin/soapui-5.2.1.jar!/com/eviware/soapui/resources/xsds/xmime200411.xsd with targetNamespace http://www.w3.org/2004/11/xmlmime
2017-08-18 15:56:10,903 INFO  [SchemaUtils] Added default schema from file:/C:/Users/rachit.a.srivastava/Downloads/SoapUI-5.2.1/bin/soapui-5.2.1.jar!/com/eviware/soapui/resources/xsds/soapEnvelope.xsd with targetNamespace http://schemas.xmlsoap.org/soap/envelope/
2017-08-18 15:56:10,924 INFO  [SchemaUtils] Added default schema from file:/C:/Users/rachit.a.srivastava/Downloads/SoapUI-5.2.1/bin/soapui-5.2.1.jar!/com/eviware/soapui/resources/xsds/soapEncoding.xsd with targetNamespace http://schemas.xmlsoap.org/soap/encoding/
2017-08-18 15:56:10,925 INFO  [SchemaUtils] Added default schema from file:/C:/Users/rachit.a.srivastava/Downloads/SoapUI-5.2.1/bin/soapui-5.2.1.jar!/com/eviware/soapui/resources/xsds/soapEnvelope12.xsd with targetNamespace http://www.w3.org/2003/05/soap-envelope
2017-08-18 15:56:10,930 INFO  [SchemaUtils] Added default schema from file:/C:/Users/rachit.a.srivastava/Downloads/SoapUI-5.2.1/bin/soapui-5.2.1.jar!/com/eviware/soapui/resources/xsds/soapEncoding12.xsd with targetNamespace http://www.w3.org/2003/05/soap-encoding
2017-08-18 15:56:12,412 INFO  [SchemaUtils] Loading schema types from [file:/C:/DataValidation/resources/PaymentManagementService_1.wsdl]
2017-08-18 15:56:12,413 INFO  [SchemaUtils] Getting schema file:/C:/DataValidation/resources/PaymentManagementService_1.wsdl
2017-08-18 15:56:12,434 INFO  [SchemaUtils] Getting schema file:\C:\DataValidation\resources\verifyAch.xsd
2017-08-18 15:56:12,439 INFO  [SchemaUtils] Getting schema file:\C:\DataValidation\resources\updateDeferredTreatment.xsd
2017-08-18 15:56:12,441 INFO  [SchemaUtils] Getting schema file:\C:\DataValidation\resources\addPayment.xsd
2017-08-18 15:56:12,451 INFO  [SchemaUtils] Getting schema file:\C:\DataValidation\resources\ErrorDetailsV2.xsd
2017-08-18 15:56:12,455 INFO  [SchemaUtils] Getting schema file:\C:\DataValidation\resources\calculateProductTax.xsd
2017-08-18 15:56:12,458 INFO  [SchemaUtils] Getting schema file:\C:\DataValidation\resources\queryTaxGeoCode.xsd
2017-08-18 15:56:12,461 INFO  [SchemaUtils] Getting schema file:\C:\DataValidation\resources\calculateMultiplePeriodTax.xsd
2017-08-18 15:56:12,464 INFO  [SchemaUtils] Getting schema file:\C:\DataValidation\resources\accountBalanceCharge.xsd
2017-08-18 15:56:12,465 INFO  [SchemaUtils] Getting schema file:\C:\DataValidation\resources\accountBalanceRefund.xsd
2017-08-18 15:56:12,466 INFO  [SchemaUtils] Getting schema file:\C:\DataValidation\resources\calculateStoreTax.xsd
2017-08-18 15:56:12,468 INFO  [SchemaUtils] Getting schema file:\C:\DataValidation\resources\calculateEquipmentTax.xsd
2017-08-18 15:56:12,471 INFO  [SchemaUtils] Getting schema file:\C:\DataValidation\resources\manageFDP.xsd
2017-08-18 15:56:12,475 INFO  [SchemaUtils] Getting schema file:\C:\DataValidation\resources\validatePanActivate.xsd
2017-08-18 15:56:12,480 INFO  [SchemaUtils] Getting schema file:\C:\DataValidation\resources\ErrorDetails.xsd
2017-08-18 15:56:12,482 INFO  [SchemaUtils] Getting schema file:\C:\DataValidation\resources\WSMessageHeaderV2.xsd
2017-08-18 15:56:13,303 INFO  [WsdlImporter] Finding importer for {http://integration.sprint.com/interfaces/v1/PaymentManagementService.wsdl}PaymentManagementSOAPBinding
2017-08-18 15:56:13,305 INFO  [WsdlImporter] Importing binding {http://integration.sprint.com/interfaces/v1/PaymentManagementService.wsdl}PaymentManagementSOAPBinding
2017-08-18 15:56:13,352 INFO  [Soap11HttpBindingImporter] importing endpoint http://localhost:7001
2017-08-18 15:56:13,467 INFO  [Soap11HttpBindingImporter] importing operation AccountBalanceCharge
2017-08-18 15:56:13,581 INFO  [Soap11HttpBindingImporter] importing operation AccountBalanceRefund
2017-08-18 15:56:13,582 INFO  [Soap11HttpBindingImporter] importing operation AddPayment
2017-08-18 15:56:13,583 INFO  [Soap11HttpBindingImporter] importing operation CalculateEquipmentTax
2017-08-18 15:56:13,584 INFO  [Soap11HttpBindingImporter] importing operation CalculateMultiplePeriodTax
2017-08-18 15:56:13,585 INFO  [Soap11HttpBindingImporter] importing operation CalculateProductTax
2017-08-18 15:56:13,587 INFO  [Soap11HttpBindingImporter] importing operation CalculateStoreTax
2017-08-18 15:56:13,588 INFO  [Soap11HttpBindingImporter] importing operation ManageFDP
2017-08-18 15:56:13,591 INFO  [Soap11HttpBindingImporter] importing operation QueryTaxGeoCode
2017-08-18 15:56:13,591 INFO  [Soap11HttpBindingImporter] importing operation UpdateDeferredTreatment
2017-08-18 15:56:13,594 INFO  [Soap11HttpBindingImporter] importing operation ValidatePanActivate
2017-08-18 15:56:13,595 INFO  [Soap11HttpBindingImporter] importing operation VerifyAch
2017-08-18 15:59:51,874 INFO  [SchemaUtils] Loading schema types from [file:/C:/DataValidation/resources/PaymentManagementService_1.wsdl]
2017-08-18 15:59:51,874 INFO  [SchemaUtils] Getting schema file:/C:/DataValidation/resources/PaymentManagementService_1.wsdl
2017-08-18 15:59:51,886 INFO  [SchemaUtils] Getting schema file:\C:\DataValidation\resources\verifyAch.xsd
2017-08-18 15:59:51,888 INFO  [SchemaUtils] Getting schema file:\C:\DataValidation\resources\updateDeferredTreatment.xsd
2017-08-18 15:59:51,890 INFO  [SchemaUtils] Getting schema file:\C:\DataValidation\resources\addPayment.xsd
2017-08-18 15:59:51,892 INFO  [SchemaUtils] Getting schema file:\C:\DataValidation\resources\ErrorDetailsV2.xsd
2017-08-18 15:59:51,893 INFO  [SchemaUtils] Getting schema file:\C:\DataValidation\resources\calculateProductTax.xsd
2017-08-18 15:59:51,897 INFO  [SchemaUtils] Getting schema file:\C:\DataValidation\resources\queryTaxGeoCode.xsd
2017-08-18 15:59:51,898 INFO  [SchemaUtils] Getting schema file:\C:\DataValidation\resources\calculateMultiplePeriodTax.xsd
2017-08-18 15:59:51,899 INFO  [SchemaUtils] Getting schema file:\C:\DataValidation\resources\accountBalanceCharge.xsd
2017-08-18 15:59:51,900 INFO  [SchemaUtils] Getting schema file:\C:\DataValidation\resources\accountBalanceRefund.xsd
2017-08-18 15:59:51,902 INFO  [SchemaUtils] Getting schema file:\C:\DataValidation\resources\calculateStoreTax.xsd
2017-08-18 15:59:51,904 INFO  [SchemaUtils] Getting schema file:\C:\DataValidation\resources\calculateEquipmentTax.xsd
2017-08-18 15:59:51,906 INFO  [SchemaUtils] Getting schema file:\C:\DataValidation\resources\manageFDP.xsd
2017-08-18 15:59:51,911 INFO  [SchemaUtils] Getting schema file:\C:\DataValidation\resources\validatePanActivate.xsd
2017-08-18 15:59:51,913 INFO  [SchemaUtils] Getting schema file:\C:\DataValidation\resources\ErrorDetails.xsd
2017-08-18 15:59:51,914 INFO  [SchemaUtils] Getting schema file:\C:\DataValidation\resources\WSMessageHeaderV2.xsd
2017-08-18 15:59:52,270 INFO  [WsdlImporter] Finding importer for {http://integration.sprint.com/interfaces/v1/PaymentManagementService.wsdl}PaymentManagementSOAPBinding
2017-08-18 15:59:52,270 INFO  [WsdlImporter] Importing binding {http://integration.sprint.com/interfaces/v1/PaymentManagementService.wsdl}PaymentManagementSOAPBinding
2017-08-18 15:59:52,271 INFO  [Soap11HttpBindingImporter] importing endpoint http://localhost:7001
2017-08-18 15:59:52,273 INFO  [Soap11HttpBindingImporter] importing operation AccountBalanceCharge
2017-08-18 15:59:52,273 INFO  [Soap11HttpBindingImporter] importing operation AccountBalanceRefund
2017-08-18 15:59:52,274 INFO  [Soap11HttpBindingImporter] importing operation AddPayment
2017-08-18 15:59:52,274 INFO  [Soap11HttpBindingImporter] importing operation CalculateEquipmentTax
2017-08-18 15:59:52,276 INFO  [Soap11HttpBindingImporter] importing operation CalculateMultiplePeriodTax
2017-08-18 15:59:52,278 INFO  [Soap11HttpBindingImporter] importing operation CalculateProductTax
2017-08-18 15:59:52,279 INFO  [Soap11HttpBindingImporter] importing operation CalculateStoreTax
2017-08-18 15:59:52,281 INFO  [Soap11HttpBindingImporter] importing operation ManageFDP
2017-08-18 15:59:52,282 INFO  [Soap11HttpBindingImporter] importing operation QueryTaxGeoCode
2017-08-18 15:59:52,283 INFO  [Soap11HttpBindingImporter] importing operation UpdateDeferredTreatment
2017-08-18 15:59:52,284 INFO  [Soap11HttpBindingImporter] importing operation ValidatePanActivate
2017-08-18 15:59:52,284 INFO  [Soap11HttpBindingImporter] importing operation VerifyAch
2017-08-18 16:01:34,075 INFO  [SchemaUtils] Loading schema types from [file:/C:/DataValidation/resources/PaymentManagementService_1.wsdl]
2017-08-18 16:01:34,075 INFO  [SchemaUtils] Getting schema file:/C:/DataValidation/resources/PaymentManagementService_1.wsdl
2017-08-18 16:01:34,083 INFO  [SchemaUtils] Getting schema file:\C:\DataValidation\resources\verifyAch.xsd
2017-08-18 16:01:34,086 INFO  [SchemaUtils] Getting schema file:\C:\DataValidation\resources\updateDeferredTreatment.xsd
2017-08-18 16:01:34,088 INFO  [SchemaUtils] Getting schema file:\C:\DataValidation\resources\addPayment.xsd
2017-08-18 16:01:34,091 INFO  [SchemaUtils] Getting schema file:\C:\DataValidation\resources\ErrorDetailsV2.xsd
2017-08-18 16:01:34,093 INFO  [SchemaUtils] Getting schema file:\C:\DataValidation\resources\calculateProductTax.xsd
2017-08-18 16:01:34,094 INFO  [SchemaUtils] Getting schema file:\C:\DataValidation\resources\queryTaxGeoCode.xsd
2017-08-18 16:01:34,095 INFO  [SchemaUtils] Getting schema file:\C:\DataValidation\resources\calculateMultiplePeriodTax.xsd
2017-08-18 16:01:34,096 INFO  [SchemaUtils] Getting schema file:\C:\DataValidation\resources\accountBalanceCharge.xsd
2017-08-18 16:01:34,097 INFO  [SchemaUtils] Getting schema file:\C:\DataValidation\resources\accountBalanceRefund.xsd
2017-08-18 16:01:34,097 INFO  [SchemaUtils] Getting schema file:\C:\DataValidation\resources\calculateStoreTax.xsd
2017-08-18 16:01:34,098 INFO  [SchemaUtils] Getting schema file:\C:\DataValidation\resources\calculateEquipmentTax.xsd
2017-08-18 16:01:34,099 INFO  [SchemaUtils] Getting schema file:\C:\DataValidation\resources\manageFDP.xsd
2017-08-18 16:01:34,100 INFO  [SchemaUtils] Getting schema file:\C:\DataValidation\resources\validatePanActivate.xsd
2017-08-18 16:01:34,100 INFO  [SchemaUtils] Getting schema file:\C:\DataValidation\resources\ErrorDetails.xsd
2017-08-18 16:01:34,101 INFO  [SchemaUtils] Getting schema file:\C:\DataValidation\resources\WSMessageHeaderV2.xsd
2017-08-18 16:01:34,246 INFO  [WsdlImporter] Finding importer for {http://integration.sprint.com/interfaces/v1/PaymentManagementService.wsdl}PaymentManagementSOAPBinding
2017-08-18 16:01:34,246 INFO  [WsdlImporter] Importing binding {http://integration.sprint.com/interfaces/v1/PaymentManagementService.wsdl}PaymentManagementSOAPBinding
2017-08-18 16:01:34,247 INFO  [Soap11HttpBindingImporter] importing endpoint http://localhost:7001
2017-08-18 16:01:34,248 INFO  [Soap11HttpBindingImporter] importing operation AccountBalanceCharge
2017-08-18 16:01:34,249 INFO  [Soap11HttpBindingImporter] importing operation AccountBalanceRefund
2017-08-18 16:01:34,250 INFO  [Soap11HttpBindingImporter] importing operation AddPayment
2017-08-18 16:01:34,250 INFO  [Soap11HttpBindingImporter] importing operation CalculateEquipmentTax
2017-08-18 16:01:34,251 INFO  [Soap11HttpBindingImporter] importing operation CalculateMultiplePeriodTax
2017-08-18 16:01:34,251 INFO  [Soap11HttpBindingImporter] importing operation CalculateProductTax
2017-08-18 16:01:34,251 INFO  [Soap11HttpBindingImporter] importing operation CalculateStoreTax
2017-08-18 16:01:34,252 INFO  [Soap11HttpBindingImporter] importing operation ManageFDP
2017-08-18 16:01:34,252 INFO  [Soap11HttpBindingImporter] importing operation QueryTaxGeoCode
2017-08-18 16:01:34,252 INFO  [Soap11HttpBindingImporter] importing operation UpdateDeferredTreatment
2017-08-18 16:01:34,252 INFO  [Soap11HttpBindingImporter] importing operation ValidatePanActivate
2017-08-18 16:01:34,252 INFO  [Soap11HttpBindingImporter] importing operation VerifyAch
2017-08-18 16:03:11,511 INFO  [SchemaUtils] Loading schema types from [file:/C:/DataValidation/resources/PaymentManagementService_1.wsdl]
2017-08-18 16:03:11,511 INFO  [SchemaUtils] Getting schema file:/C:/DataValidation/resources/PaymentManagementService_1.wsdl
2017-08-18 16:03:11,520 INFO  [SchemaUtils] Getting schema file:\C:\DataValidation\resources\verifyAch.xsd
2017-08-18 16:03:11,522 INFO  [SchemaUtils] Getting schema file:\C:\DataValidation\resources\updateDeferredTreatment.xsd
2017-08-18 16:03:11,523 INFO  [SchemaUtils] Getting schema file:\C:\DataValidation\resources\addPayment.xsd
2017-08-18 16:03:11,525 INFO  [SchemaUtils] Getting schema file:\C:\DataValidation\resources\ErrorDetailsV2.xsd
2017-08-18 16:03:11,526 INFO  [SchemaUtils] Getting schema file:\C:\DataValidation\resources\calculateProductTax.xsd
2017-08-18 16:03:11,530 INFO  [SchemaUtils] Getting schema file:\C:\DataValidation\resources\queryTaxGeoCode.xsd
2017-08-18 16:03:11,533 INFO  [SchemaUtils] Getting schema file:\C:\DataValidation\resources\calculateMultiplePeriodTax.xsd
2017-08-18 16:03:11,535 INFO  [SchemaUtils] Getting schema file:\C:\DataValidation\resources\accountBalanceCharge.xsd
2017-08-18 16:03:11,535 INFO  [SchemaUtils] Getting schema file:\C:\DataValidation\resources\accountBalanceRefund.xsd
2017-08-18 16:03:11,536 INFO  [SchemaUtils] Getting schema file:\C:\DataValidation\resources\calculateStoreTax.xsd
2017-08-18 16:03:11,536 INFO  [SchemaUtils] Getting schema file:\C:\DataValidation\resources\calculateEquipmentTax.xsd
2017-08-18 16:03:11,538 INFO  [SchemaUtils] Getting schema file:\C:\DataValidation\resources\manageFDP.xsd
2017-08-18 16:03:11,539 INFO  [SchemaUtils] Getting schema file:\C:\DataValidation\resources\validatePanActivate.xsd
2017-08-18 16:03:11,540 INFO  [SchemaUtils] Getting schema file:\C:\DataValidation\resources\ErrorDetails.xsd
2017-08-18 16:03:11,541 INFO  [SchemaUtils] Getting schema file:\C:\DataValidation\resources\WSMessageHeaderV2.xsd
2017-08-18 16:03:11,693 INFO  [WsdlImporter] Finding importer for {http://integration.sprint.com/interfaces/v1/PaymentManagementService.wsdl}PaymentManagementSOAPBinding
2017-08-18 16:03:11,693 INFO  [WsdlImporter] Importing binding {http://integration.sprint.com/interfaces/v1/PaymentManagementService.wsdl}PaymentManagementSOAPBinding
2017-08-18 16:03:11,694 INFO  [Soap11HttpBindingImporter] importing endpoint http://localhost:7001
2017-08-18 16:03:11,695 INFO  [Soap11HttpBindingImporter] importing operation AccountBalanceCharge
2017-08-18 16:03:11,696 INFO  [Soap11HttpBindingImporter] importing operation AccountBalanceRefund
2017-08-18 16:03:11,696 INFO  [Soap11HttpBindingImporter] importing operation AddPayment
2017-08-18 16:03:11,697 INFO  [Soap11HttpBindingImporter] importing operation CalculateEquipmentTax
2017-08-18 16:03:11,697 INFO  [Soap11HttpBindingImporter] importing operation CalculateMultiplePeriodTax
2017-08-18 16:03:11,698 INFO  [Soap11HttpBindingImporter] importing operation CalculateProductTax
2017-08-18 16:03:11,699 INFO  [Soap11HttpBindingImporter] importing operation CalculateStoreTax
2017-08-18 16:03:11,699 INFO  [Soap11HttpBindingImporter] importing operation ManageFDP
2017-08-18 16:03:11,699 INFO  [Soap11HttpBindingImporter] importing operation QueryTaxGeoCode
2017-08-18 16:03:11,699 INFO  [Soap11HttpBindingImporter] importing operation UpdateDeferredTreatment
2017-08-18 16:03:11,700 INFO  [Soap11HttpBindingImporter] importing operation ValidatePanActivate
2017-08-18 16:03:11,700 INFO  [Soap11HttpBindingImporter] importing operation VerifyAch
2017-08-18 16:04:51,658 INFO  [SchemaUtils] Loading schema types from [file:/C:/DataValidation/resources/PaymentManagementService_1.wsdl]
2017-08-18 16:04:51,658 INFO  [SchemaUtils] Getting schema file:/C:/DataValidation/resources/PaymentManagementService_1.wsdl
2017-08-18 16:04:51,664 INFO  [SchemaUtils] Getting schema file:\C:\DataValidation\resources\verifyAch.xsd
2017-08-18 16:04:51,665 INFO  [SchemaUtils] Getting schema file:\C:\DataValidation\resources\updateDeferredTreatment.xsd
2017-08-18 16:04:51,666 INFO  [SchemaUtils] Getting schema file:\C:\DataValidation\resources\addPayment.xsd
2017-08-18 16:04:51,668 INFO  [SchemaUtils] Getting schema file:\C:\DataValidation\resources\ErrorDetailsV2.xsd
2017-08-18 16:04:51,669 INFO  [SchemaUtils] Getting schema file:\C:\DataValidation\resources\calculateProductTax.xsd
2017-08-18 16:04:51,670 INFO  [SchemaUtils] Getting schema file:\C:\DataValidation\resources\queryTaxGeoCode.xsd
2017-08-18 16:04:51,673 INFO  [SchemaUtils] Getting schema file:\C:\DataValidation\resources\calculateMultiplePeriodTax.xsd
2017-08-18 16:04:51,674 INFO  [SchemaUtils] Getting schema file:\C:\DataValidation\resources\accountBalanceCharge.xsd
2017-08-18 16:04:51,675 INFO  [SchemaUtils] Getting schema file:\C:\DataValidation\resources\accountBalanceRefund.xsd
2017-08-18 16:04:51,675 INFO  [SchemaUtils] Getting schema file:\C:\DataValidation\resources\calculateStoreTax.xsd
2017-08-18 16:04:51,676 INFO  [SchemaUtils] Getting schema file:\C:\DataValidation\resources\calculateEquipmentTax.xsd
2017-08-18 16:04:51,678 INFO  [SchemaUtils] Getting schema file:\C:\DataValidation\resources\manageFDP.xsd
2017-08-18 16:04:51,680 INFO  [SchemaUtils] Getting schema file:\C:\DataValidation\resources\validatePanActivate.xsd
2017-08-18 16:04:51,680 INFO  [SchemaUtils] Getting schema file:\C:\DataValidation\resources\ErrorDetails.xsd
2017-08-18 16:04:51,681 INFO  [SchemaUtils] Getting schema file:\C:\DataValidation\resources\WSMessageHeaderV2.xsd
2017-08-18 16:04:51,838 INFO  [WsdlImporter] Finding importer for {http://integration.sprint.com/interfaces/v1/PaymentManagementService.wsdl}PaymentManagementSOAPBinding
2017-08-18 16:04:51,838 INFO  [WsdlImporter] Importing binding {http://integration.sprint.com/interfaces/v1/PaymentManagementService.wsdl}PaymentManagementSOAPBinding
2017-08-18 16:04:51,841 INFO  [Soap11HttpBindingImporter] importing endpoint http://localhost:7001
2017-08-18 16:04:51,844 INFO  [Soap11HttpBindingImporter] importing operation AccountBalanceCharge
2017-08-18 16:04:51,845 INFO  [Soap11HttpBindingImporter] importing operation AccountBalanceRefund
2017-08-18 16:04:51,846 INFO  [Soap11HttpBindingImporter] importing operation AddPayment
2017-08-18 16:04:51,846 INFO  [Soap11HttpBindingImporter] importing operation CalculateEquipmentTax
2017-08-18 16:04:51,848 INFO  [Soap11HttpBindingImporter] importing operation CalculateMultiplePeriodTax
2017-08-18 16:04:51,849 INFO  [Soap11HttpBindingImporter] importing operation CalculateProductTax
2017-08-18 16:04:51,850 INFO  [Soap11HttpBindingImporter] importing operation CalculateStoreTax
2017-08-18 16:04:51,850 INFO  [Soap11HttpBindingImporter] importing operation ManageFDP
2017-08-18 16:04:51,851 INFO  [Soap11HttpBindingImporter] importing operation QueryTaxGeoCode
2017-08-18 16:04:51,851 INFO  [Soap11HttpBindingImporter] importing operation UpdateDeferredTreatment
2017-08-18 16:04:51,851 INFO  [Soap11HttpBindingImporter] importing operation ValidatePanActivate
2017-08-18 16:04:51,851 INFO  [Soap11HttpBindingImporter] importing operation VerifyAch
2017-08-18 16:11:50,833 WARN  [Tools] Could not delete temporary directory C:\Users\RACHIT~1.SRI\AppData\Local\Temp\8f2da7e7-b0dc-46ea-9da5-61b7d8d9936a
2017-08-18 16:11:50,843 WARN  [Tools] Could not delete temporary directory C:\Users\RACHIT~1.SRI\AppData\Local\Temp\38195799-247e-4991-a781-1054645ccd2f
